<?xml version="1.0" encoding="UTF-8"?>
<!-- Generated by org.testng.reporters.JUnitXMLReporter -->
<testsuite hostname="dzvarich" ignored="0" tests="3" failures="1" timestamp="2018-10-06T02:57:12 EEST" time="4.121" errors="0">
  <testcase name="addNewRecordToDB" time="1.271" classname="Tests"/>
  <testcase name="dataTest" time="1.25" classname="Tests">
    <failure type="java.lang.NullPointerException">
      <![CDATA[java.lang.NullPointerException
at com.denis.cryptoproject.framework.WorkingWithFinalData.percentChange(WorkingWithFinalData.java:27)
at Tests.dataTest(Tests.java:57)
... Removed 34 stack frames]]>
    </failure>
  </testcase> <!-- dataTest -->
  <testcase name="removeData" time="0.871" classname="Tests"/>
</testsuite>
