<?xml version="1.0" encoding="UTF-8"?>
<testng-results skipped="0" failed="1" ignored="0" total="3" passed="2">
  <reporter-output>
  </reporter-output>
  <suite name="Tests" duration-ms="4121" started-at="2018-10-06T02:57:08 EEST" finished-at="2018-10-06T02:57:12 EEST">
    <groups>
    </groups>
    <test name="Command line test" duration-ms="4121" started-at="2018-10-06T02:57:08 EEST" finished-at="2018-10-06T02:57:12 EEST">
      <class name="Tests">
        <test-method status="PASS" signature="beforeMethod()[pri:0, instance:Tests@29774679]" name="beforeMethod" is-config="true" duration-ms="535" started-at="2018-10-06T02:57:08 EEST" finished-at="2018-10-06T02:57:08 EEST">
          <reporter-output>
          </reporter-output>
        </test-method> <!-- beforeMethod -->
        <test-method status="PASS" signature="addNewRecordToDB()[pri:0, instance:Tests@29774679]" name="addNewRecordToDB" duration-ms="1271" started-at="2018-10-06T02:57:08 EEST" finished-at="2018-10-06T02:57:10 EEST">
          <reporter-output>
          </reporter-output>
        </test-method> <!-- addNewRecordToDB -->
        <test-method status="PASS" signature="afterMethod()[pri:0, instance:Tests@29774679]" name="afterMethod" is-config="true" duration-ms="70" started-at="2018-10-06T02:57:10 EEST" finished-at="2018-10-06T02:57:10 EEST">
          <reporter-output>
          </reporter-output>
        </test-method> <!-- afterMethod -->
        <test-method status="PASS" signature="beforeMethod()[pri:0, instance:Tests@29774679]" name="beforeMethod" is-config="true" duration-ms="8" started-at="2018-10-06T02:57:10 EEST" finished-at="2018-10-06T02:57:10 EEST">
          <reporter-output>
          </reporter-output>
        </test-method> <!-- beforeMethod -->
        <test-method status="FAIL" signature="dataTest()[pri:0, instance:Tests@29774679]" name="dataTest" duration-ms="1250" started-at="2018-10-06T02:57:10 EEST" finished-at="2018-10-06T02:57:11 EEST">
          <exception class="java.lang.NullPointerException">
            <full-stacktrace>
              <![CDATA[java.lang.NullPointerException
at com.denis.cryptoproject.framework.WorkingWithFinalData.percentChange(WorkingWithFinalData.java:27)
at Tests.dataTest(Tests.java:57)
at sun.reflect.NativeMethodAccessorImpl.invoke0(Native Method)
at sun.reflect.NativeMethodAccessorImpl.invoke(NativeMethodAccessorImpl.java:62)
at sun.reflect.DelegatingMethodAccessorImpl.invoke(DelegatingMethodAccessorImpl.java:43)
at java.lang.reflect.Method.invoke(Method.java:498)
at org.testng.internal.MethodInvocationHelper.invokeMethod(MethodInvocationHelper.java:131)
at org.testng.internal.Invoker.invokeMethod(Invoker.java:658)
at org.testng.internal.Invoker.invokeTestMethod(Invoker.java:792)
at org.testng.internal.Invoker.invokeTestMethods(Invoker.java:1103)
at org.testng.internal.TestMethodWorker.invokeTestMethods(TestMethodWorker.java:140)
at org.testng.internal.TestMethodWorker.run(TestMethodWorker.java:122)
at org.testng.TestRunner.privateRun(TestRunner.java:739)
at org.testng.TestRunner.run(TestRunner.java:589)
at org.testng.SuiteRunner.runTest(SuiteRunner.java:398)
at org.testng.SuiteRunner.runSequentially(SuiteRunner.java:392)
at org.testng.SuiteRunner.privateRun(SuiteRunner.java:354)
at org.testng.SuiteRunner.run(SuiteRunner.java:302)
at org.testng.SuiteRunnerWorker.runSuite(SuiteRunnerWorker.java:53)
at org.testng.SuiteRunnerWorker.run(SuiteRunnerWorker.java:96)
at org.testng.TestNG.runSuitesSequentially(TestNG.java:1145)
at org.testng.TestNG.runSuitesLocally(TestNG.java:1067)
at org.testng.TestNG.runSuites(TestNG.java:997)
at org.testng.TestNG.run(TestNG.java:965)
at org.apache.maven.surefire.testng.TestNGExecutor.run(TestNGExecutor.java:77)
at org.apache.maven.surefire.testng.TestNGDirectoryTestSuite.execute(TestNGDirectoryTestSuite.java:110)
at org.apache.maven.surefire.testng.TestNGProvider.invoke(TestNGProvider.java:106)
at sun.reflect.NativeMethodAccessorImpl.invoke0(Native Method)
at sun.reflect.NativeMethodAccessorImpl.invoke(NativeMethodAccessorImpl.java:62)
at sun.reflect.DelegatingMethodAccessorImpl.invoke(DelegatingMethodAccessorImpl.java:43)
at java.lang.reflect.Method.invoke(Method.java:498)
at org.apache.maven.surefire.util.ReflectionUtils.invokeMethodWithArray(ReflectionUtils.java:189)
at org.apache.maven.surefire.booter.ProviderFactory$ProviderProxy.invoke(ProviderFactory.java:165)
at org.apache.maven.surefire.booter.ProviderFactory.invokeProvider(ProviderFactory.java:85)
at org.apache.maven.surefire.booter.ForkedBooter.runSuitesInProcess(ForkedBooter.java:115)
at org.apache.maven.surefire.booter.ForkedBooter.main(ForkedBooter.java:75)
]]>
            </full-stacktrace>
          </exception> <!-- java.lang.NullPointerException -->
          <reporter-output>
          </reporter-output>
        </test-method> <!-- dataTest -->
        <test-method status="PASS" signature="afterMethod()[pri:0, instance:Tests@29774679]" name="afterMethod" is-config="true" duration-ms="0" started-at="2018-10-06T02:57:11 EEST" finished-at="2018-10-06T02:57:11 EEST">
          <reporter-output>
          </reporter-output>
        </test-method> <!-- afterMethod -->
        <test-method status="PASS" signature="beforeMethod()[pri:0, instance:Tests@29774679]" name="beforeMethod" is-config="true" duration-ms="9" started-at="2018-10-06T02:57:11 EEST" finished-at="2018-10-06T02:57:11 EEST">
          <reporter-output>
          </reporter-output>
        </test-method> <!-- beforeMethod -->
        <test-method status="PASS" signature="removeData()[pri:0, instance:Tests@29774679]" name="removeData" duration-ms="871" started-at="2018-10-06T02:57:11 EEST" finished-at="2018-10-06T02:57:12 EEST">
          <reporter-output>
          </reporter-output>
        </test-method> <!-- removeData -->
        <test-method status="PASS" signature="afterMethod()[pri:0, instance:Tests@29774679]" name="afterMethod" is-config="true" duration-ms="66" started-at="2018-10-06T02:57:12 EEST" finished-at="2018-10-06T02:57:12 EEST">
          <reporter-output>
          </reporter-output>
        </test-method> <!-- afterMethod -->
      </class> <!-- Tests -->
    </test> <!-- Command line test -->
  </suite> <!-- Tests -->
</testng-results>
