<?xml version="1.0" encoding="UTF-8"?>
<testng-results skipped="0" failed="0" ignored="0" total="3" passed="3">
  <reporter-output>
  </reporter-output>
  <suite name="Tests" duration-ms="2745" started-at="2018-10-06T00:17:07 EEST" finished-at="2018-10-06T00:17:10 EEST">
    <groups>
    </groups>
    <test name="Command line test" duration-ms="2745" started-at="2018-10-06T00:17:07 EEST" finished-at="2018-10-06T00:17:10 EEST">
      <class name="Tests">
        <test-method status="PASS" signature="beforeMethod()[pri:0, instance:Tests@29774679]" name="beforeMethod" is-config="true" duration-ms="631" started-at="2018-10-06T00:17:07 EEST" finished-at="2018-10-06T00:17:08 EEST">
          <reporter-output>
          </reporter-output>
        </test-method> <!-- beforeMethod -->
        <test-method status="PASS" signature="addNewRecordToDB()[pri:0, instance:Tests@29774679]" name="addNewRecordToDB" duration-ms="636" started-at="2018-10-06T00:17:08 EEST" finished-at="2018-10-06T00:17:08 EEST">
          <reporter-output>
          </reporter-output>
        </test-method> <!-- addNewRecordToDB -->
        <test-method status="PASS" signature="afterMethod()[pri:0, instance:Tests@29774679]" name="afterMethod" is-config="true" duration-ms="7" started-at="2018-10-06T00:17:08 EEST" finished-at="2018-10-06T00:17:08 EEST">
          <reporter-output>
          </reporter-output>
        </test-method> <!-- afterMethod -->
        <test-method status="PASS" signature="beforeMethod()[pri:0, instance:Tests@29774679]" name="beforeMethod" is-config="true" duration-ms="11" started-at="2018-10-06T00:17:08 EEST" finished-at="2018-10-06T00:17:08 EEST">
          <reporter-output>
          </reporter-output>
        </test-method> <!-- beforeMethod -->
        <test-method status="PASS" signature="dataTest()[pri:0, instance:Tests@29774679]" name="dataTest" duration-ms="1189" started-at="2018-10-06T00:17:08 EEST" finished-at="2018-10-06T00:17:10 EEST">
          <reporter-output>
          </reporter-output>
        </test-method> <!-- dataTest -->
        <test-method status="PASS" signature="afterMethod()[pri:0, instance:Tests@29774679]" name="afterMethod" is-config="true" duration-ms="0" started-at="2018-10-06T00:17:10 EEST" finished-at="2018-10-06T00:17:10 EEST">
          <reporter-output>
          </reporter-output>
        </test-method> <!-- afterMethod -->
        <test-method status="PASS" signature="beforeMethod()[pri:0, instance:Tests@29774679]" name="beforeMethod" is-config="true" duration-ms="5" started-at="2018-10-06T00:17:10 EEST" finished-at="2018-10-06T00:17:10 EEST">
          <reporter-output>
          </reporter-output>
        </test-method> <!-- beforeMethod -->
        <test-method status="PASS" signature="removeData()[pri:0, instance:Tests@29774679]" name="removeData" duration-ms="228" started-at="2018-10-06T00:17:10 EEST" finished-at="2018-10-06T00:17:10 EEST">
          <reporter-output>
          </reporter-output>
        </test-method> <!-- removeData -->
        <test-method status="PASS" signature="afterMethod()[pri:0, instance:Tests@29774679]" name="afterMethod" is-config="true" duration-ms="1" started-at="2018-10-06T00:17:10 EEST" finished-at="2018-10-06T00:17:10 EEST">
          <reporter-output>
          </reporter-output>
        </test-method> <!-- afterMethod -->
      </class> <!-- Tests -->
    </test> <!-- Command line test -->
  </suite> <!-- Tests -->
</testng-results>
