-------------------------------------------------------------------------------
Test set: Tests
-------------------------------------------------------------------------------
Tests run: 3, Failures: 1, Errors: 0, Skipped: 0, Time elapsed: 4.656 sec <<< FAILURE!
dataTest(Tests)  Time elapsed: 1.26 sec  <<< FAILURE!
java.lang.NullPointerException
	at com.denis.cryptoproject.framework.WorkingWithFinalData.percentChange(WorkingWithFinalData.java:27)
	at Tests.dataTest(Tests.java:57)

